2021-11-30 18:19:37.264  INFO 12324 --- [restartedMain] com.br.Indiees.IndieesApplication        : Starting IndieesApplication on DESKTOP-R3FIL1M with PID 12324 (C:\Users\mathe\Desktop\projeto\IService\back\minhasfinancas-api\target\classes started by mathe in C:\Users\mathe\Desktop\projeto\IService\back\minhasfinancas-api)
2021-11-30 18:19:37.318  INFO 12324 --- [restartedMain] com.br.Indiees.IndieesApplication        : No active profile set, falling back to default profiles: default
2021-11-30 18:19:37.529  INFO 12324 --- [restartedMain] o.s.b.devtools.restart.ChangeableUrls    : The Class-Path manifest attribute in C:\Users\mathe\.m2\repository\org\glassfish\jaxb\jaxb-runtime\2.3.2\jaxb-runtime-2.3.2.jar referenced one or more files that do not exist: file:/C:/Users/mathe/.m2/repository/org/glassfish/jaxb/jaxb-runtime/2.3.2/jakarta.xml.bind-api-2.3.2.jar,file:/C:/Users/mathe/.m2/repository/org/glassfish/jaxb/jaxb-runtime/2.3.2/txw2-2.3.2.jar,file:/C:/Users/mathe/.m2/repository/org/glassfish/jaxb/jaxb-runtime/2.3.2/istack-commons-runtime-3.0.8.jar,file:/C:/Users/mathe/.m2/repository/org/glassfish/jaxb/jaxb-runtime/2.3.2/stax-ex-1.8.1.jar,file:/C:/Users/mathe/.m2/repository/org/glassfish/jaxb/jaxb-runtime/2.3.2/FastInfoset-1.2.16.jar,file:/C:/Users/mathe/.m2/repository/org/glassfish/jaxb/jaxb-runtime/2.3.2/jakarta.activation-api-1.2.1.jar
2021-11-30 18:19:37.531  INFO 12324 --- [restartedMain] .e.DevToolsPropertyDefaultsPostProcessor : Devtools property defaults active! Set 'spring.devtools.add-properties' to 'false' to disable
2021-11-30 18:19:37.531  INFO 12324 --- [restartedMain] .e.DevToolsPropertyDefaultsPostProcessor : For additional web related logging consider setting the 'logging.level.web' property to 'DEBUG'
2021-11-30 18:19:41.124  INFO 12324 --- [restartedMain] .s.d.r.c.RepositoryConfigurationDelegate : Bootstrapping Spring Data JPA repositories in DEFAULT mode.
2021-11-30 18:19:42.686  INFO 12324 --- [restartedMain] .s.d.r.c.RepositoryConfigurationDelegate : Finished Spring Data repository scanning in 1512ms. Found 2 JPA repository interfaces.
2021-11-30 18:19:45.313  INFO 12324 --- [restartedMain] trationDelegate$BeanPostProcessorChecker : Bean 'org.springframework.transaction.annotation.ProxyTransactionManagementConfiguration' of type [org.springframework.transaction.annotation.ProxyTransactionManagementConfiguration] is not eligible for getting processed by all BeanPostProcessors (for example: not eligible for auto-proxying)
2021-11-30 18:19:47.672  INFO 12324 --- [restartedMain] o.s.b.w.embedded.tomcat.TomcatWebServer  : Tomcat initialized with port(s): 8080 (http)
2021-11-30 18:19:47.886  INFO 12324 --- [restartedMain] o.apache.catalina.core.StandardService   : Starting service [Tomcat]
2021-11-30 18:19:47.888  INFO 12324 --- [restartedMain] org.apache.catalina.core.StandardEngine  : Starting Servlet engine: [Apache Tomcat/9.0.29]
2021-11-30 18:19:48.518  INFO 12324 --- [restartedMain] o.a.c.c.C.[Tomcat].[localhost].[/]       : Initializing Spring embedded WebApplicationContext
2021-11-30 18:19:48.518  INFO 12324 --- [restartedMain] o.s.web.context.ContextLoader            : Root WebApplicationContext: initialization completed in 10986 ms
2021-11-30 18:19:48.676  WARN 12324 --- [restartedMain] JpaBaseConfiguration$JpaWebConfiguration : spring.jpa.open-in-view is enabled by default. Therefore, database queries may be performed during view rendering. Explicitly configure spring.jpa.open-in-view to disable this warning
2021-11-30 18:19:49.543  INFO 12324 --- [restartedMain] o.hibernate.jpa.internal.util.LogHelper  : HHH000204: Processing PersistenceUnitInfo [name: default]
2021-11-30 18:19:49.755  INFO 12324 --- [restartedMain] org.hibernate.Version                    : HHH000412: Hibernate Core {5.4.9.Final}
2021-11-30 18:19:50.139  INFO 12324 --- [restartedMain] o.hibernate.annotations.common.Version   : HCANN000001: Hibernate Commons Annotations {5.1.0.Final}
2021-11-30 18:19:50.536  INFO 12324 --- [restartedMain] com.zaxxer.hikari.HikariDataSource       : HikariPool-1 - Starting...
2021-11-30 18:19:52.123  INFO 12324 --- [restartedMain] com.zaxxer.hikari.HikariDataSource       : HikariPool-1 - Start completed.
2021-11-30 18:19:52.175  INFO 12324 --- [restartedMain] org.hibernate.dialect.Dialect            : HHH000400: Using dialect: org.hibernate.dialect.MySQL5InnoDBDialect
2021-11-30 18:19:55.315  INFO 12324 --- [restartedMain] o.h.e.t.j.p.i.JtaPlatformInitiator       : HHH000490: Using JtaPlatform implementation: [org.hibernate.engine.transaction.jta.platform.internal.NoJtaPlatform]
2021-11-30 18:19:55.369  INFO 12324 --- [restartedMain] j.LocalContainerEntityManagerFactoryBean : Initialized JPA EntityManagerFactory for persistence unit 'default'
2021-11-30 18:19:56.980  INFO 12324 --- [restartedMain] o.s.b.a.h2.H2ConsoleAutoConfiguration    : H2 console available at '/h2-console'. Database available at 'jdbc:mysql://localhost:3306/test?useTimezone=true&serverTimezone=UTC'
2021-11-30 18:19:57.627  INFO 12324 --- [restartedMain] o.s.b.d.a.OptionalLiveReloadServer       : LiveReload server is running on port 35729
2021-11-30 18:19:59.404  INFO 12324 --- [restartedMain] o.s.s.web.DefaultSecurityFilterChain     : Creating filter chain: any request, [org.springframework.security.web.context.request.async.WebAsyncManagerIntegrationFilter@731d1c5d, org.springframework.security.web.context.SecurityContextPersistenceFilter@7017b87d, org.springframework.security.web.header.HeaderWriterFilter@10a1c956, org.springframework.security.web.authentication.logout.LogoutFilter@10af1f87, com.br.Indiees.api.JwtTokenFilter@5d5bf92e, org.springframework.security.web.savedrequest.RequestCacheAwareFilter@17cb4d95, org.springframework.security.web.servletapi.SecurityContextHolderAwareRequestFilter@519c3e70, org.springframework.security.web.authentication.AnonymousAuthenticationFilter@353b1adb, org.springframework.security.web.session.SessionManagementFilter@4ce57de4, org.springframework.security.web.access.ExceptionTranslationFilter@19259a89, org.springframework.security.web.access.intercept.FilterSecurityInterceptor@614a05eb]
2021-11-30 18:20:00.523  INFO 12324 --- [restartedMain] o.s.b.a.e.web.EndpointLinksResolver      : Exposing 14 endpoint(s) beneath base path '/actuator'
2021-11-30 18:20:01.034  INFO 12324 --- [restartedMain] o.s.b.w.embedded.tomcat.TomcatWebServer  : Tomcat started on port(s): 8080 (http) with context path ''
2021-11-30 18:20:01.037  INFO 12324 --- [restartedMain] com.br.Indiees.IndieesApplication        : Started IndieesApplication in 25.256 seconds (JVM running for 27.646)
2021-11-30 18:24:20.281  INFO 12324 --- [http-nio-8080-exec-1] o.a.c.c.C.[Tomcat].[localhost].[/]       : Initializing Spring DispatcherServlet 'dispatcherServlet'
2021-11-30 18:24:20.282  INFO 12324 --- [http-nio-8080-exec-1] o.s.web.servlet.DispatcherServlet        : Initializing Servlet 'dispatcherServlet'
2021-11-30 18:24:20.319  INFO 12324 --- [http-nio-8080-exec-1] o.s.web.servlet.DispatcherServlet        : Completed initialization in 37 ms
